2025-08-06 19:13:16,735 - INFO - Logger initialized: logs/embeddings_returns_run.log
2025-08-06 19:13:16,737 - INFO - Scraping Yahoo Finance news for ticker: AAPL
2025-08-06 19:13:16,737 - INFO - ====== WebDriver manager ======
2025-08-06 19:13:18,962 - INFO - Get LATEST chromedriver version for google-chrome
2025-08-06 19:13:19,027 - INFO - Get LATEST chromedriver version for google-chrome
2025-08-06 19:13:19,053 - INFO - Driver [C:\Users\Admin\.wdm\drivers\chromedriver\win64\138.0.7204.183\chromedriver-win32/chromedriver.exe] found in cache
2025-08-06 19:13:25,635 - INFO - Found 0 article links
2025-08-06 19:13:25,641 - INFO - Successfully parsed 0 articles
2025-08-06 19:13:25,641 - ERROR - Not enough articles scraped.
2025-08-06 19:20:34,440 - INFO - Logger initialized: logs/embeddings_returns_run.log
2025-08-06 19:20:34,441 - INFO - Scraping Yahoo Finance news for ticker: AAPL
2025-08-06 19:20:34,441 - INFO - ====== WebDriver manager ======
2025-08-06 19:20:36,349 - INFO - Get LATEST chromedriver version for google-chrome
2025-08-06 19:20:36,376 - INFO - Get LATEST chromedriver version for google-chrome
2025-08-06 19:20:36,398 - INFO - Driver [C:\Users\Admin\.wdm\drivers\chromedriver\win64\138.0.7204.183\chromedriver-win32/chromedriver.exe] found in cache
2025-08-06 19:27:56,154 - INFO - Logger initialized: logs/embeddings_returns_run.log
2025-08-06 19:27:56,154 - INFO - Testing scraping for AAPL
2025-08-06 19:27:56,154 - INFO - Scraping Yahoo Finance news for ticker: AAPL
2025-08-06 19:27:56,154 - INFO - Looking for articles from 2025-02-07 onwards
2025-08-06 19:27:56,155 - INFO - Fetching HTML from: https://finance.yahoo.com/quote/AAPL/news?p=AAPL
2025-08-06 19:27:56,155 - INFO - ====== WebDriver manager ======
2025-08-06 19:27:58,162 - INFO - Get LATEST chromedriver version for google-chrome
2025-08-06 19:27:58,189 - INFO - Get LATEST chromedriver version for google-chrome
2025-08-06 19:27:58,209 - INFO - Driver [C:\Users\Admin\.wdm\drivers\chromedriver\win64\138.0.7204.183\chromedriver-win32/chromedriver.exe] found in cache
2025-08-06 19:28:09,826 - INFO - Successfully fetched HTML page (1406724 characters)
2025-08-06 19:28:12,317 - INFO - Sample links found:
2025-08-06 19:28:12,325 - INFO - Skip to navigation -> #ybar-navigation
2025-08-06 19:28:12,325 - INFO - Skip to main content -> #nimbus-app
2025-08-06 19:28:12,325 - INFO - Skip to right column -> #right-rail
2025-08-06 19:28:12,325 - INFO - News -> https://www.yahoo.com/
2025-08-06 19:28:12,325 - INFO - Today's news -> https://www.yahoo.com/news/
2025-08-06 19:28:12,325 - INFO - US -> https://www.yahoo.com/news/us/
2025-08-06 19:28:12,325 - INFO - Politics -> https://www.yahoo.com/news/politics/
2025-08-06 19:28:12,325 - INFO - World -> https://www.yahoo.com/news/world/
2025-08-06 19:28:12,325 - INFO - Tech -> https://tech.yahoo.com/
2025-08-06 19:28:12,325 - INFO - Audio -> https://tech.yahoo.com/audio/
2025-08-06 19:28:12,325 - INFO - Computing -> https://tech.yahoo.com/computing/
2025-08-06 19:28:12,325 - INFO - Gaming -> https://tech.yahoo.com/gaming/
2025-08-06 19:28:12,325 - INFO - Wordle -> https://tech.yahoo.com/gaming/wordle/
2025-08-06 19:28:12,325 - INFO - Home entertainment -> https://tech.yahoo.com/home-entertainment/
2025-08-06 19:28:12,325 - INFO - TVs -> https://tech.yahoo.com/home-entertainment/tvs/
2025-08-06 19:28:12,325 - INFO - Phones -> https://tech.yahoo.com/phones/
2025-08-06 19:28:12,325 - INFO - Science -> https://tech.yahoo.com/science/
2025-08-06 19:28:12,325 - INFO - Streaming -> https://tech.yahoo.com/streaming/
2025-08-06 19:28:12,325 - INFO - Streaming reviews -> https://tech.yahoo.com/streaming/reviews/
2025-08-06 19:28:12,325 - INFO - VPN -> https://tech.yahoo.com/vpn/
2025-08-06 19:28:12,357 - INFO - Found 20 article links
2025-08-06 19:28:14,235 - WARNING - No publish date found for https://finance.yahoo.com/news/, skipping
2025-08-06 19:28:16,438 - WARNING - No publish date found for https://finance.yahoo.com/news/live/live-president-trump-reiterates-threat-of-25-tariffs-on-canada-mexico-as-deadline-looms-191201171.html, skipping
2025-08-06 19:28:17,773 - WARNING - No publish date found for https://finance.yahoo.com/news/sign-up-for-yahoo-finances-morning-brief-174158888.html/, skipping
2025-08-06 19:28:18,777 - WARNING - No publish date found for https://finance.yahoo.com/news/nvidias-most-underappreciated-business-is-taking-off-like-a-rocket-ship-183615113.html?.tsrc=fin-notif, skipping
2025-08-06 19:28:19,667 - WARNING - No publish date found for https://finance.yahoo.com/news/trump-says-semiconductors-will-face-100-tariff-unless-companies-build-in-us-215153459.html?.tsrc=fin-notif, skipping
2025-08-06 19:28:20,505 - WARNING - No publish date found for https://finance.yahoo.com/news/apple-set-to-dodge-bulk-of-india-tariffs-200059796.html?.tsrc=fin-notif, skipping
2025-08-06 19:28:21,707 - WARNING - No publish date found for https://finance.yahoo.com/news/apple-to-announce-additional-100-billion-in-us-investment-following-trump-iphone-tariff-threat-145524949.html?.tsrc=fin-notif, skipping
2025-08-06 19:28:23,166 - WARNING - No publish date found for https://finance.yahoo.com/news/live/trump-tariffs-live-updates-trump-hits-india-with-additional-25-tariff-as-world-braces-for-sweeping-duties-200619764.html?.tsrc=fin-notif, skipping
2025-08-06 19:28:24,527 - WARNING - No publish date found for https://finance.yahoo.com/news/live/stock-market-today-dow-sp-500-nasdaq-inch-higher-as-earnings-take-center-stage-233644959.html?.tsrc=fin-notif, skipping
2025-08-06 19:28:25,553 - WARNING - No publish date found for https://finance.yahoo.com/news/disney-lifts-profit-outlook-as-parks-streaming-drive-q3-earning-beat-espn-strikes-nfl-deal-104040562.html?.tsrc=fin-notif, skipping
2025-08-06 19:28:26,350 - WARNING - No publish date found for https://finance.yahoo.com/news/nfl-to-take-10-stake-in-disneys-espn-004446753.html?.tsrc=fin-notif, skipping
2025-08-06 19:28:27,223 - WARNING - No publish date found for https://finance.yahoo.com/news/pfizer-ceo-details-talks-with-trump-administration-on-tariffs-most-favored-nations-pricing-194040603.html?.tsrc=fin-notif, skipping
2025-08-06 19:28:27,997 - WARNING - No publish date found for https://finance.yahoo.com/news/how-us-jobs-data-is-collected--and-why-its-regularly-revised-192737916.html?.tsrc=fin-notif, skipping
2025-08-06 19:28:29,348 - WARNING - No publish date found for https://finance.yahoo.com/news/amd-posts-mixed-q2-results-but-offers-better-than-expected-q3-outlook-on-ai-sales-202215280.html?.tsrc=fin-notif, skipping
2025-08-06 19:28:30,583 - WARNING - No publish date found for https://finance.yahoo.com/news/live/stock-market-today-dow-sp-500-nasdaq-fall-as-wall-street-digests-earnings-trump-tariffs-200020392.html?.tsrc=fin-notif, skipping
2025-08-06 19:28:31,572 - WARNING - No publish date found for https://finance.yahoo.com/news/trump-says-major-us-banks-discriminated-against-me-as-white-house-preps-debanking-executive-order-150942081.html?.tsrc=fin-notif, skipping
2025-08-06 19:28:33,020 - WARNING - No publish date found for https://finance.yahoo.com/news/live/trump-tariffs-live-updates-trump-says-pharma-tariffs-could-go-to-250-threatens-eu-if-it-fails-on-investment-pledge-200619718.html?.tsrc=fin-notif, skipping
2025-08-06 19:28:34,288 - WARNING - No publish date found for https://finance.yahoo.com/news/live/stock-market-today-dow-sp-500-nasdaq-nudge-higher-as-wall-street-eyes-earnings-trade-tensions-230420364.html?.tsrc=fin-notif, skipping
2025-08-06 19:28:35,381 - WARNING - No publish date found for https://finance.yahoo.com/news/trump-rules-out-bessent-as-next-fed-chair-says-may-name-powell-replacement-soon-132550942.html?.tsrc=fin-notif, skipping
2025-08-06 19:28:36,165 - WARNING - No publish date found for https://finance.yahoo.com/news/one-key-reason-a-slowing-economy-isnt-shaking-stock-market-bulls-100056794.html?.tsrc=fin-notif, skipping
2025-08-06 19:28:36,169 - INFO - Successfully parsed 0 articles from the past 6 months
2025-08-06 19:28:36,169 - ERROR - Only found 0 articles, need at least 10
