[2025-08-06 18:16:37.900140] Portfolio construction log
Tickers: MSFT, JNJ, WMT, KO, MCD, HD, PG, INTC, V, XOM
Date Range: 2021-12-01 to 2025-07-01
Monthly Observations: 42

Equal-Weighted Portfolio:
  Mean Monthly Return: 0.0074
  Std Dev: 0.0416
  Max Drawdown: -0.1484

Value-Weighted Portfolio:
  Mean Monthly Return: -306.8227
  Std Dev: 3120.5317
  Max Drawdown: -23251.6783
========================================

[2025-08-06 22:38:16.618106] Portfolio construction log
Tickers: MSFT, JNJ, WMT, KO, MCD, HD, PG, INTC, V, XOM
Date Range: 2021-12-01 to 2025-07-01
Monthly Observations: 42

Equal-Weighted Portfolio:
  Mean Monthly Return: 0.0074
  Std Dev: 0.0416
  Max Drawdown: -0.1484

Value-Weighted Portfolio:
  Mean Monthly Return: -306.7857
  Std Dev: 3120.2946
  Max Drawdown: -23251.7771
========================================

[2025-08-07 00:22:37.503333] Portfolio construction log
Tickers: MSFT, JNJ, WMT, KO, MCD, HD, PG, INTC, V, XOM
Date Range: 2021-12-01 to 2025-07-01
Monthly Observations: 42

Equal-Weighted Portfolio:
  Mean Monthly Return: 0.0074
  Std Dev: 0.0416
  Max Drawdown: -0.1484

Value-Weighted Portfolio:
  Mean Monthly Return: 0.0065
  Std Dev: 0.0416
  Max Drawdown: -0.1684
========================================

